[ 2015-08-24T23:23:25+08:00 ] 127.0.0.1 /User/Login?from=/index.php
INFO: [ app_init ] --START--
INFO: Run Behavior\BuildLiteBehavior [ RunTime:0.000042s ]
INFO: [ app_init ] --END-- [ RunTime:0.000798s ]
INFO: [ app_begin ] --START--
INFO: Run Behavior\ReadHtmlCacheBehavior [ RunTime:0.004344s ]
INFO: [ app_begin ] --END-- [ RunTime:0.004733s ]
INFO: [ view_parse ] --START--
INFO: [ template_filter ] --START--
INFO: Run Behavior\ContentReplaceBehavior [ RunTime:0.000049s ]
INFO: [ template_filter ] --END-- [ RunTime:0.000127s ]
INFO: Run Behavior\ParseTemplateBehavior [ RunTime:0.018599s ]
INFO: [ view_parse ] --END-- [ RunTime:0.018708s ]
INFO: [ view_filter ] --START--
INFO: Run Behavior\WriteHtmlCacheBehavior [ RunTime:0.001090s ]
INFO: [ view_filter ] --END-- [ RunTime:0.001166s ]
INFO: [ app_end ] --START--
INFO: Run Behavior\ShowPageTraceBehavior [ RunTime:0.001193s ]
INFO: [ app_end ] --END-- [ RunTime:0.001290s ]

[ 2015-08-24T23:23:26+08:00 ] 127.0.0.1 /User/assets/i/favicon.png
INFO: [ app_init ] --START--
INFO: Run Behavior\BuildLiteBehavior [ RunTime:0.000100s ]
INFO: [ app_init ] --END-- [ RunTime:0.001552s ]

[ 2015-08-24T23:23:34+08:00 ] 127.0.0.1 /User/Login/register.html?from=/index.php
INFO: [ app_init ] --START--
INFO: Run Behavior\BuildLiteBehavior [ RunTime:0.000031s ]
INFO: [ app_init ] --END-- [ RunTime:0.000872s ]
INFO: [ app_begin ] --START--
INFO: Run Behavior\ReadHtmlCacheBehavior [ RunTime:0.003032s ]
INFO: [ app_begin ] --END-- [ RunTime:0.003375s ]
INFO: [ view_parse ] --START--
INFO: [ template_filter ] --START--
INFO: Run Behavior\ContentReplaceBehavior [ RunTime:0.000054s ]
INFO: [ template_filter ] --END-- [ RunTime:0.000180s ]
INFO: Run Behavior\ParseTemplateBehavior [ RunTime:0.036081s ]
INFO: [ view_parse ] --END-- [ RunTime:0.036280s ]
INFO: [ view_filter ] --START--
INFO: Run Behavior\WriteHtmlCacheBehavior [ RunTime:0.003842s ]
INFO: [ view_filter ] --END-- [ RunTime:0.004003s ]
INFO: [ app_end ] --START--
INFO: Run Behavior\ShowPageTraceBehavior [ RunTime:0.002509s ]
INFO: [ app_end ] --END-- [ RunTime:0.002825s ]

[ 2015-08-24T23:23:35+08:00 ] 127.0.0.1 /User/Login/assets/i/favicon.png
INFO: [ app_init ] --START--
INFO: Run Behavior\BuildLiteBehavior [ RunTime:0.000019s ]
INFO: [ app_init ] --END-- [ RunTime:0.000589s ]

[ 2015-08-24T23:23:47+08:00 ] 127.0.0.1 /index.php/User/Operation/register.html
INFO: [ app_init ] --START--
INFO: Run Behavior\BuildLiteBehavior [ RunTime:0.000034s ]
INFO: [ app_init ] --END-- [ RunTime:0.001015s ]
INFO: [ app_begin ] --START--
INFO: Run Behavior\ReadHtmlCacheBehavior [ RunTime:0.001490s ]
INFO: [ app_begin ] --END-- [ RunTime:0.001624s ]
SQL: SHOW COLUMNS FROM `tb_user` [ RunTime:0.0171s ]
SQL: SELECT * FROM `tb_user` WHERE ( username="Smilec" OR email="sxcuican@163.com" ) LIMIT 1   [ RunTime:0.0003s ]

[ 2015-08-24T23:24:52+08:00 ] 127.0.0.1 /index.php/User/Operation/register.html
INFO: [ app_init ] --START--
INFO: Run Behavior\BuildLiteBehavior [ RunTime:0.001290s ]
INFO: [ app_init ] --END-- [ RunTime:0.003980s ]
INFO: [ app_begin ] --START--
INFO: Run Behavior\ReadHtmlCacheBehavior [ RunTime:0.009008s ]
INFO: [ app_begin ] --END-- [ RunTime:0.009457s ]
SQL: SHOW COLUMNS FROM `tb_user` [ RunTime:0.0343s ]
SQL: SELECT * FROM `tb_user` WHERE ( username="Smilec" OR email="sxcuican@163.com" ) LIMIT 1   [ RunTime:0.0003s ]

[ 2015-08-24T23:28:32+08:00 ] 127.0.0.1 /index.php/User/Operation/register.html?username=smilec&password=sxcuic&email=sxcuican@163.com
INFO: [ app_init ] --START--
INFO: Run Behavior\BuildLiteBehavior [ RunTime:0.000028s ]
INFO: [ app_init ] --END-- [ RunTime:0.000814s ]
INFO: [ app_begin ] --START--
INFO: Run Behavior\ReadHtmlCacheBehavior [ RunTime:0.002199s ]
INFO: [ app_begin ] --END-- [ RunTime:0.002415s ]
SQL: SHOW COLUMNS FROM `tb_user` [ RunTime:0.0147s ]
SQL: SELECT * FROM `tb_user` WHERE ( username="smilec" OR email="sxcuican@163.com" ) LIMIT 1   [ RunTime:0.0002s ]

[ 2015-08-24T23:29:06+08:00 ] 127.0.0.1 /index.php/User/Operation/register.html?username=smilec&password=sxcuic&email=sxcuican@163.com
INFO: [ app_init ] --START--
INFO: Run Behavior\BuildLiteBehavior [ RunTime:0.000021s ]
INFO: [ app_init ] --END-- [ RunTime:0.000818s ]
INFO: [ app_begin ] --START--
INFO: Run Behavior\ReadHtmlCacheBehavior [ RunTime:0.001239s ]
INFO: [ app_begin ] --END-- [ RunTime:0.001332s ]
SQL: SHOW COLUMNS FROM `tb_user` [ RunTime:0.0283s ]
SQL: SELECT * FROM `tb_user` WHERE ( username="smilec" OR email="sxcuican@163.com" ) LIMIT 1   [ RunTime:0.0003s ]
SQL: INSERT INTO `tb_user` (`username`,`password`,`email`) VALUES ('smilec','61cc19f8797e76fda50b60f1ddbec315','sxcuican@163.com') [ RunTime:0.0013s ]
SQL: SELECT * FROM `tb_user` WHERE ( username="smilec" ) LIMIT 1   [ RunTime:0.0004s ]
DEBUG: test:4
SQL: UPDATE `tb_user` SET `random`='1497' WHERE ( username="smilec" ) [ RunTime:0.0007s ]
INFO: [ app_end ] --START--
INFO: Run Behavior\ShowPageTraceBehavior [ RunTime:0.001840s ]
INFO: [ app_end ] --END-- [ RunTime:0.001969s ]

[ 2015-08-24T23:37:03+08:00 ] 127.0.0.1 /index.php/User/Operation/logout.html
INFO: [ app_init ] --START--
INFO: Run Behavior\BuildLiteBehavior [ RunTime:0.000019s ]
INFO: [ app_init ] --END-- [ RunTime:0.000541s ]
INFO: [ app_begin ] --START--
INFO: Run Behavior\ReadHtmlCacheBehavior [ RunTime:0.000924s ]
INFO: [ app_begin ] --END-- [ RunTime:0.001005s ]
SQL: SHOW COLUMNS FROM `tb_user` [ RunTime:0.0140s ]
INFO: [ app_end ] --START--
INFO: Run Behavior\ShowPageTraceBehavior [ RunTime:0.000942s ]
INFO: [ app_end ] --END-- [ RunTime:0.001013s ]

[ 2015-08-24T23:37:03+08:00 ] 127.0.0.1 /User/Login?from=/index.php
INFO: [ app_init ] --START--
INFO: Run Behavior\BuildLiteBehavior [ RunTime:0.000018s ]
INFO: [ app_init ] --END-- [ RunTime:0.000523s ]
INFO: [ app_begin ] --START--
INFO: Run Behavior\ReadHtmlCacheBehavior [ RunTime:0.000653s ]
INFO: [ app_begin ] --END-- [ RunTime:0.000788s ]
INFO: [ view_parse ] --START--
INFO: [ template_filter ] --START--
INFO: Run Behavior\ContentReplaceBehavior [ RunTime:0.000064s ]
INFO: [ template_filter ] --END-- [ RunTime:0.000174s ]
INFO: Run Behavior\ParseTemplateBehavior [ RunTime:0.013987s ]
INFO: [ view_parse ] --END-- [ RunTime:0.014098s ]
INFO: [ view_filter ] --START--
INFO: Run Behavior\WriteHtmlCacheBehavior [ RunTime:0.000681s ]
INFO: [ view_filter ] --END-- [ RunTime:0.000791s ]
INFO: [ app_end ] --START--
INFO: Run Behavior\ShowPageTraceBehavior [ RunTime:0.001453s ]
INFO: [ app_end ] --END-- [ RunTime:0.001620s ]

[ 2015-08-24T23:37:05+08:00 ] 127.0.0.1 /index.php/User/Operation/login.html
INFO: [ app_init ] --START--
INFO: Run Behavior\BuildLiteBehavior [ RunTime:0.000038s ]
INFO: [ app_init ] --END-- [ RunTime:0.000965s ]
INFO: [ app_begin ] --START--
INFO: Run Behavior\ReadHtmlCacheBehavior [ RunTime:0.001828s ]
INFO: [ app_begin ] --END-- [ RunTime:0.001992s ]
SQL: SHOW COLUMNS FROM `tb_user` [ RunTime:0.0402s ]
SQL: SELECT * FROM `tb_user` WHERE ( username="SmileC" ) LIMIT 1   [ RunTime:0.0005s ]
SQL: SELECT * FROM `tb_user` WHERE ( username="smilec" ) LIMIT 1   [ RunTime:0.0004s ]
DEBUG: test:4
SQL: UPDATE `tb_user` SET `random`='12379' WHERE ( username="smilec" ) [ RunTime:0.0022s ]
INFO: [ app_end ] --START--
INFO: Run Behavior\ShowPageTraceBehavior [ RunTime:0.001577s ]
INFO: [ app_end ] --END-- [ RunTime:0.001703s ]

[ 2015-08-24T23:37:11+08:00 ] 127.0.0.1 /index.php/User/Operation/logout.html
INFO: [ app_init ] --START--
INFO: Run Behavior\BuildLiteBehavior [ RunTime:0.000019s ]
INFO: [ app_init ] --END-- [ RunTime:0.000544s ]
INFO: [ app_begin ] --START--
INFO: Run Behavior\ReadHtmlCacheBehavior [ RunTime:0.000960s ]
INFO: [ app_begin ] --END-- [ RunTime:0.001026s ]
SQL: SHOW COLUMNS FROM `tb_user` [ RunTime:0.0136s ]
INFO: [ app_end ] --START--
INFO: Run Behavior\ShowPageTraceBehavior [ RunTime:0.001391s ]
INFO: [ app_end ] --END-- [ RunTime:0.001479s ]

[ 2015-08-24T23:37:11+08:00 ] 127.0.0.1 /User/Login?from=/index.php
INFO: [ app_init ] --START--
INFO: Run Behavior\BuildLiteBehavior [ RunTime:0.000026s ]
INFO: [ app_init ] --END-- [ RunTime:0.000779s ]
INFO: [ app_begin ] --START--
INFO: Run Behavior\ReadHtmlCacheBehavior [ RunTime:0.000936s ]
INFO: [ app_begin ] --END-- [ RunTime:0.001015s ]
INFO: [ view_parse ] --START--
INFO: [ template_filter ] --START--
INFO: Run Behavior\ContentReplaceBehavior [ RunTime:0.000187s ]
INFO: [ template_filter ] --END-- [ RunTime:0.000564s ]
INFO: Run Behavior\ParseTemplateBehavior [ RunTime:0.014527s ]
INFO: [ view_parse ] --END-- [ RunTime:0.014619s ]
INFO: [ view_filter ] --START--
INFO: Run Behavior\WriteHtmlCacheBehavior [ RunTime:0.000820s ]
INFO: [ view_filter ] --END-- [ RunTime:0.000887s ]
INFO: [ app_end ] --START--
INFO: Run Behavior\ShowPageTraceBehavior [ RunTime:0.000965s ]
INFO: [ app_end ] --END-- [ RunTime:0.001031s ]

[ 2015-08-24T23:37:12+08:00 ] 127.0.0.1 /User/Login/register.html?from=/index.php
INFO: [ app_init ] --START--
INFO: Run Behavior\BuildLiteBehavior [ RunTime:0.000035s ]
INFO: [ app_init ] --END-- [ RunTime:0.001008s ]
INFO: [ app_begin ] --START--
INFO: Run Behavior\ReadHtmlCacheBehavior [ RunTime:0.001269s ]
INFO: [ app_begin ] --END-- [ RunTime:0.001386s ]
INFO: [ view_parse ] --START--
INFO: [ template_filter ] --START--
INFO: Run Behavior\ContentReplaceBehavior [ RunTime:0.000057s ]
INFO: [ template_filter ] --END-- [ RunTime:0.000178s ]
INFO: Run Behavior\ParseTemplateBehavior [ RunTime:0.016419s ]
INFO: [ view_parse ] --END-- [ RunTime:0.016517s ]
INFO: [ view_filter ] --START--
INFO: Run Behavior\WriteHtmlCacheBehavior [ RunTime:0.000922s ]
INFO: [ view_filter ] --END-- [ RunTime:0.000995s ]
INFO: [ app_end ] --START--
INFO: Run Behavior\ShowPageTraceBehavior [ RunTime:0.001433s ]
INFO: [ app_end ] --END-- [ RunTime:0.001540s ]

[ 2015-08-24T23:37:14+08:00 ] 127.0.0.1 /User/Login/?from=/index.php
INFO: [ app_init ] --START--
INFO: Run Behavior\BuildLiteBehavior [ RunTime:0.000021s ]
INFO: [ app_init ] --END-- [ RunTime:0.000639s ]
INFO: [ app_begin ] --START--
INFO: Run Behavior\ReadHtmlCacheBehavior [ RunTime:0.003098s ]
INFO: [ app_begin ] --END-- [ RunTime:0.003424s ]
INFO: [ view_parse ] --START--
INFO: [ template_filter ] --START--
INFO: Run Behavior\ContentReplaceBehavior [ RunTime:0.000053s ]
INFO: [ template_filter ] --END-- [ RunTime:0.000140s ]
INFO: Run Behavior\ParseTemplateBehavior [ RunTime:0.013350s ]
INFO: [ view_parse ] --END-- [ RunTime:0.013470s ]
INFO: [ view_filter ] --START--
INFO: Run Behavior\WriteHtmlCacheBehavior [ RunTime:0.000770s ]
INFO: [ view_filter ] --END-- [ RunTime:0.000852s ]
INFO: [ app_end ] --START--
INFO: Run Behavior\ShowPageTraceBehavior [ RunTime:0.001068s ]
INFO: [ app_end ] --END-- [ RunTime:0.001154s ]

[ 2015-08-24T23:38:30+08:00 ] 127.0.0.1 /User/Login/?from=/index.php
INFO: [ app_init ] --START--
INFO: Run Behavior\BuildLiteBehavior [ RunTime:0.000036s ]
INFO: [ app_init ] --END-- [ RunTime:0.001113s ]
INFO: [ app_begin ] --START--
INFO: Run Behavior\ReadHtmlCacheBehavior [ RunTime:0.001134s ]
INFO: [ app_begin ] --END-- [ RunTime:0.001229s ]
INFO: [ view_parse ] --START--
INFO: [ template_filter ] --START--
INFO: Run Behavior\ContentReplaceBehavior [ RunTime:0.000054s ]
INFO: [ template_filter ] --END-- [ RunTime:0.000134s ]
INFO: Run Behavior\ParseTemplateBehavior [ RunTime:0.026652s ]
INFO: [ view_parse ] --END-- [ RunTime:0.026769s ]
INFO: [ view_filter ] --START--
INFO: Run Behavior\WriteHtmlCacheBehavior [ RunTime:0.000919s ]
INFO: [ view_filter ] --END-- [ RunTime:0.000985s ]
INFO: [ app_end ] --START--
INFO: Run Behavior\ShowPageTraceBehavior [ RunTime:0.001102s ]
INFO: [ app_end ] --END-- [ RunTime:0.001186s ]

[ 2015-08-24T23:39:06+08:00 ] 127.0.0.1 /User/Login/?from=/index.php
INFO: [ app_init ] --START--
INFO: Run Behavior\BuildLiteBehavior [ RunTime:0.000063s ]
INFO: [ app_init ] --END-- [ RunTime:0.001168s ]
INFO: [ app_begin ] --START--
INFO: Run Behavior\ReadHtmlCacheBehavior [ RunTime:0.001131s ]
INFO: [ app_begin ] --END-- [ RunTime:0.001224s ]
INFO: [ view_parse ] --START--
INFO: [ template_filter ] --START--
INFO: Run Behavior\ContentReplaceBehavior [ RunTime:0.000049s ]
INFO: [ template_filter ] --END-- [ RunTime:0.000126s ]
INFO: Run Behavior\ParseTemplateBehavior [ RunTime:0.016517s ]
INFO: [ view_parse ] --END-- [ RunTime:0.016604s ]
INFO: [ view_filter ] --START--
INFO: Run Behavior\WriteHtmlCacheBehavior [ RunTime:0.000844s ]
INFO: [ view_filter ] --END-- [ RunTime:0.000908s ]
INFO: [ app_end ] --START--
INFO: Run Behavior\ShowPageTraceBehavior [ RunTime:0.001204s ]
INFO: [ app_end ] --END-- [ RunTime:0.001298s ]

[ 2015-08-24T23:39:42+08:00 ] 127.0.0.1 /User/Login/?from=/index.php
INFO: [ app_init ] --START--
INFO: Run Behavior\BuildLiteBehavior [ RunTime:0.000032s ]
INFO: [ app_init ] --END-- [ RunTime:0.000712s ]
INFO: [ app_begin ] --START--
INFO: Run Behavior\ReadHtmlCacheBehavior [ RunTime:0.001188s ]
INFO: [ app_begin ] --END-- [ RunTime:0.001295s ]
INFO: [ view_parse ] --START--
INFO: [ template_filter ] --START--
INFO: Run Behavior\ContentReplaceBehavior [ RunTime:0.000076s ]
INFO: [ template_filter ] --END-- [ RunTime:0.000199s ]
INFO: Run Behavior\ParseTemplateBehavior [ RunTime:0.022062s ]
INFO: [ view_parse ] --END-- [ RunTime:0.022200s ]
INFO: [ view_filter ] --START--
INFO: Run Behavior\WriteHtmlCacheBehavior [ RunTime:0.001008s ]
INFO: [ view_filter ] --END-- [ RunTime:0.001127s ]
INFO: [ app_end ] --START--
INFO: Run Behavior\ShowPageTraceBehavior [ RunTime:0.001100s ]
INFO: [ app_end ] --END-- [ RunTime:0.001195s ]

[ 2015-08-24T23:40:39+08:00 ] 127.0.0.1 /User/Login/register.html?from=/index.php
INFO: [ app_init ] --START--
INFO: Run Behavior\BuildLiteBehavior [ RunTime:0.000020s ]
INFO: [ app_init ] --END-- [ RunTime:0.000966s ]
INFO: [ app_begin ] --START--
INFO: Run Behavior\ReadHtmlCacheBehavior [ RunTime:0.001053s ]
INFO: [ app_begin ] --END-- [ RunTime:0.001130s ]
INFO: [ view_parse ] --START--
INFO: [ template_filter ] --START--
INFO: Run Behavior\ContentReplaceBehavior [ RunTime:0.000048s ]
INFO: [ template_filter ] --END-- [ RunTime:0.000123s ]
INFO: Run Behavior\ParseTemplateBehavior [ RunTime:0.015383s ]
INFO: [ view_parse ] --END-- [ RunTime:0.015467s ]
INFO: [ view_filter ] --START--
INFO: Run Behavior\WriteHtmlCacheBehavior [ RunTime:0.000815s ]
INFO: [ view_filter ] --END-- [ RunTime:0.000878s ]
INFO: [ app_end ] --START--
INFO: Run Behavior\ShowPageTraceBehavior [ RunTime:0.001011s ]
INFO: [ app_end ] --END-- [ RunTime:0.001079s ]

[ 2015-08-24T23:40:41+08:00 ] 127.0.0.1 /User/Login/?from=/index.php
INFO: [ app_init ] --START--
INFO: Run Behavior\BuildLiteBehavior [ RunTime:0.000016s ]
INFO: [ app_init ] --END-- [ RunTime:0.000473s ]
INFO: [ app_begin ] --START--
INFO: Run Behavior\ReadHtmlCacheBehavior [ RunTime:0.001486s ]
INFO: [ app_begin ] --END-- [ RunTime:0.001645s ]
INFO: [ view_parse ] --START--
INFO: [ template_filter ] --START--
INFO: Run Behavior\ContentReplaceBehavior [ RunTime:0.000046s ]
INFO: [ template_filter ] --END-- [ RunTime:0.000116s ]
INFO: Run Behavior\ParseTemplateBehavior [ RunTime:0.016546s ]
INFO: [ view_parse ] --END-- [ RunTime:0.016706s ]
INFO: [ view_filter ] --START--
INFO: Run Behavior\WriteHtmlCacheBehavior [ RunTime:0.000740s ]
INFO: [ view_filter ] --END-- [ RunTime:0.000796s ]
INFO: [ app_end ] --START--
INFO: Run Behavior\ShowPageTraceBehavior [ RunTime:0.000927s ]
INFO: [ app_end ] --END-- [ RunTime:0.000984s ]

[ 2015-08-24T23:41:27+08:00 ] 127.0.0.1 /index.php/User/Operation/login.html
INFO: [ app_init ] --START--
INFO: Run Behavior\BuildLiteBehavior [ RunTime:0.000019s ]
INFO: [ app_init ] --END-- [ RunTime:0.000693s ]
INFO: [ app_begin ] --START--
INFO: Run Behavior\ReadHtmlCacheBehavior [ RunTime:0.001988s ]
INFO: [ app_begin ] --END-- [ RunTime:0.002386s ]
SQL: SHOW COLUMNS FROM `tb_user` [ RunTime:0.0169s ]
SQL: SELECT * FROM `tb_user` WHERE ( username="SmileC" ) LIMIT 1   [ RunTime:0.0016s ]
SQL: SELECT * FROM `tb_user` WHERE ( username="smilec" ) LIMIT 1   [ RunTime:0.0004s ]
DEBUG: test:4
SQL: UPDATE `tb_user` SET `random`='3619' WHERE ( username="smilec" ) [ RunTime:0.0003s ]
INFO: [ app_end ] --START--
INFO: Run Behavior\ShowPageTraceBehavior [ RunTime:0.001289s ]
INFO: [ app_end ] --END-- [ RunTime:0.001373s ]

