[ 2015-08-27T10:55:36+08:00 ] 127.0.0.1 /
INFO: [ app_init ] --START--
INFO: Run Behavior\BuildLiteBehavior [ RunTime:0.000022s ]
INFO: [ app_init ] --END-- [ RunTime:0.007433s ]
INFO: [ app_begin ] --START--
INFO: Run Behavior\ReadHtmlCacheBehavior [ RunTime:0.006796s ]
INFO: [ app_begin ] --END-- [ RunTime:0.006900s ]
SQL: SHOW COLUMNS FROM `tb_sign_list` [ RunTime:0.0455s ]
SQL: SELECT * FROM `tb_sign_list` WHERE ( username="smilec" )  [ RunTime:0.0003s ]
SQL: SHOW COLUMNS FROM `tb_cookie` [ RunTime:0.0310s ]
SQL: SELECT * FROM `tb_cookie` WHERE ( username="smilec" )  [ RunTime:0.0005s ]
SQL: SELECT COUNT(*) AS tp_count FROM `tb_cookie` WHERE ( username="smilec" AND overdue=1 ) LIMIT 1   [ RunTime:0.0003s ]
INFO: [ view_parse ] --START--
INFO: [ template_filter ] --START--
INFO: Run Behavior\ContentReplaceBehavior [ RunTime:0.000070s ]
INFO: [ template_filter ] --END-- [ RunTime:0.000155s ]
SQL: SHOW COLUMNS FROM `tb_user` [ RunTime:0.0231s ]
SQL: SHOW COLUMNS FROM `tb_user` [ RunTime:0.0177s ]
SQL: SELECT `random` FROM `tb_user` WHERE ( username="smilec" ) LIMIT 1   [ RunTime:0.0003s ]
INFO: Run Behavior\ParseTemplateBehavior [ RunTime:0.174733s ]
INFO: [ view_parse ] --END-- [ RunTime:0.174830s ]
INFO: [ view_filter ] --START--
INFO: Run Behavior\WriteHtmlCacheBehavior [ RunTime:0.008033s ]
INFO: [ view_filter ] --END-- [ RunTime:0.008147s ]
INFO: [ app_end ] --START--
INFO: Run Behavior\ShowPageTraceBehavior [ RunTime:0.005933s ]
INFO: [ app_end ] --END-- [ RunTime:0.006085s ]

[ 2015-08-27T11:42:34+08:00 ] 127.0.0.1 /index.php
INFO: [ app_init ] --START--
INFO: Run Behavior\BuildLiteBehavior [ RunTime:0.000031s ]
INFO: [ app_init ] --END-- [ RunTime:0.000938s ]
INFO: [ app_begin ] --START--
INFO: Run Behavior\ReadHtmlCacheBehavior [ RunTime:0.001675s ]
INFO: [ app_begin ] --END-- [ RunTime:0.001930s ]
SQL: SHOW COLUMNS FROM `tb_sign_list` [ RunTime:0.0220s ]
SQL: SELECT * FROM `tb_sign_list` WHERE ( username="smilec" )  [ RunTime:0.0004s ]
SQL: SHOW COLUMNS FROM `tb_cookie` [ RunTime:0.0182s ]
SQL: SELECT * FROM `tb_cookie` WHERE ( username="smilec" )  [ RunTime:0.0004s ]
SQL: SELECT COUNT(*) AS tp_count FROM `tb_cookie` WHERE ( username="smilec" AND overdue=1 ) LIMIT 1   [ RunTime:0.0006s ]
INFO: [ view_parse ] --START--
INFO: [ template_filter ] --START--
INFO: Run Behavior\ContentReplaceBehavior [ RunTime:0.000249s ]
INFO: [ template_filter ] --END-- [ RunTime:0.000686s ]
SQL: SHOW COLUMNS FROM `tb_user` [ RunTime:0.0175s ]
SQL: SHOW COLUMNS FROM `tb_user` [ RunTime:0.0185s ]
SQL: SELECT `random` FROM `tb_user` WHERE ( username="smilec" ) LIMIT 1   [ RunTime:0.0011s ]
INFO: Run Behavior\ParseTemplateBehavior [ RunTime:0.100755s ]
INFO: [ view_parse ] --END-- [ RunTime:0.100929s ]
INFO: [ view_filter ] --START--
INFO: Run Behavior\WriteHtmlCacheBehavior [ RunTime:0.001622s ]
INFO: [ view_filter ] --END-- [ RunTime:0.001903s ]
INFO: [ app_end ] --START--
INFO: Run Behavior\ShowPageTraceBehavior [ RunTime:0.002546s ]
INFO: [ app_end ] --END-- [ RunTime:0.002785s ]

[ 2015-08-27T11:42:36+08:00 ] 127.0.0.1 /index.php/Home/Index/index.html?cookieid=-1
INFO: [ app_init ] --START--
INFO: Run Behavior\BuildLiteBehavior [ RunTime:0.000050s ]
INFO: [ app_init ] --END-- [ RunTime:0.000502s ]
INFO: [ app_begin ] --START--
INFO: Run Behavior\ReadHtmlCacheBehavior [ RunTime:0.000545s ]
INFO: [ app_begin ] --END-- [ RunTime:0.000620s ]
SQL: SHOW COLUMNS FROM `tb_sign_list` [ RunTime:0.0146s ]
SQL: SELECT * FROM `tb_sign_list` WHERE ( username="smilec" AND issign!=1 )  [ RunTime:0.0003s ]
SQL: SHOW COLUMNS FROM `tb_cookie` [ RunTime:0.0168s ]
SQL: SELECT * FROM `tb_cookie` WHERE ( username="smilec" )  [ RunTime:0.0004s ]
SQL: SELECT COUNT(*) AS tp_count FROM `tb_cookie` WHERE ( username="smilec" AND overdue=1 ) LIMIT 1   [ RunTime:0.0003s ]
INFO: [ view_parse ] --START--
INFO: [ template_filter ] --START--
INFO: Run Behavior\ContentReplaceBehavior [ RunTime:0.000075s ]
INFO: [ template_filter ] --END-- [ RunTime:0.000165s ]
SQL: SHOW COLUMNS FROM `tb_user` [ RunTime:0.0182s ]
SQL: SHOW COLUMNS FROM `tb_user` [ RunTime:0.0140s ]
SQL: SELECT `random` FROM `tb_user` WHERE ( username="smilec" ) LIMIT 1   [ RunTime:0.0003s ]
INFO: Run Behavior\ParseTemplateBehavior [ RunTime:0.080328s ]
INFO: [ view_parse ] --END-- [ RunTime:0.080401s ]
INFO: [ view_filter ] --START--
INFO: Run Behavior\WriteHtmlCacheBehavior [ RunTime:0.000561s ]
INFO: [ view_filter ] --END-- [ RunTime:0.000625s ]
INFO: [ app_end ] --START--
INFO: Run Behavior\ShowPageTraceBehavior [ RunTime:0.000804s ]
INFO: [ app_end ] --END-- [ RunTime:0.000897s ]

[ 2015-08-27T11:42:37+08:00 ] 127.0.0.1 /index.php/Home/Setting.html
INFO: [ app_init ] --START--
INFO: Run Behavior\BuildLiteBehavior [ RunTime:0.000025s ]
INFO: [ app_init ] --END-- [ RunTime:0.000581s ]
INFO: [ app_begin ] --START--
INFO: Run Behavior\ReadHtmlCacheBehavior [ RunTime:0.000680s ]
INFO: [ app_begin ] --END-- [ RunTime:0.000774s ]
SQL: SHOW COLUMNS FROM `tb_cookie` [ RunTime:0.0222s ]
SQL: SELECT * FROM `tb_cookie` WHERE ( username="smilec" )  [ RunTime:0.0005s ]
INFO: [ view_parse ] --START--
INFO: [ template_filter ] --START--
INFO: Run Behavior\ContentReplaceBehavior [ RunTime:0.000108s ]
INFO: [ template_filter ] --END-- [ RunTime:0.000220s ]
SQL: SHOW COLUMNS FROM `tb_user` [ RunTime:0.0214s ]
SQL: SHOW COLUMNS FROM `tb_user` [ RunTime:0.0326s ]
SQL: SELECT `random` FROM `tb_user` WHERE ( username="smilec" ) LIMIT 1   [ RunTime:0.0003s ]
INFO: Run Behavior\ParseTemplateBehavior [ RunTime:0.103998s ]
INFO: [ view_parse ] --END-- [ RunTime:0.104181s ]
INFO: [ view_filter ] --START--
INFO: Run Behavior\WriteHtmlCacheBehavior [ RunTime:0.000536s ]
INFO: [ view_filter ] --END-- [ RunTime:0.000619s ]
INFO: [ app_end ] --START--
INFO: Run Behavior\ShowPageTraceBehavior [ RunTime:0.002183s ]
INFO: [ app_end ] --END-- [ RunTime:0.002691s ]

