[ 2015-08-26T21:50:54+08:00 ] 127.0.0.1 /index.php
INFO: [ app_init ] --START--
INFO: Run Behavior\BuildLiteBehavior [ RunTime:0.000049s ]
INFO: [ app_init ] --END-- [ RunTime:0.016703s ]
INFO: [ app_begin ] --START--
INFO: Run Behavior\ReadHtmlCacheBehavior [ RunTime:0.001195s ]
INFO: [ app_begin ] --END-- [ RunTime:0.001303s ]
SQL: SHOW COLUMNS FROM `tb_sign_list` [ RunTime:0.0223s ]
SQL: SELECT * FROM `tb_sign_list` WHERE ( username="smilec" )  [ RunTime:0.0003s ]
SQL: SHOW COLUMNS FROM `tb_cookie` [ RunTime:0.0167s ]
SQL: SELECT * FROM `tb_cookie` WHERE ( username="smilec" )  [ RunTime:0.0003s ]
SQL: SELECT COUNT(*) AS tp_count FROM `tb_cookie` WHERE ( username="smilec" AND overdue=1 ) LIMIT 1   [ RunTime:0.0002s ]
INFO: [ view_parse ] --START--
INFO: [ template_filter ] --START--
INFO: Run Behavior\ContentReplaceBehavior [ RunTime:0.000115s ]
INFO: [ template_filter ] --END-- [ RunTime:0.000298s ]
SQL: SHOW COLUMNS FROM `tb_user` [ RunTime:0.0537s ]
SQL: SHOW COLUMNS FROM `tb_user` [ RunTime:0.0219s ]
SQL: SELECT `random` FROM `tb_user` WHERE ( username="smilec" ) LIMIT 1   [ RunTime:0.0004s ]
INFO: Run Behavior\ParseTemplateBehavior [ RunTime:0.229587s ]
INFO: [ view_parse ] --END-- [ RunTime:0.229709s ]
INFO: [ view_filter ] --START--
INFO: Run Behavior\WriteHtmlCacheBehavior [ RunTime:0.000759s ]
INFO: [ view_filter ] --END-- [ RunTime:0.000823s ]
INFO: [ app_end ] --START--
INFO: Run Behavior\ShowPageTraceBehavior [ RunTime:0.000790s ]
INFO: [ app_end ] --END-- [ RunTime:0.000860s ]

[ 2015-08-26T21:50:56+08:00 ] 127.0.0.1 /index.php/Home/Setting.html
INFO: [ app_init ] --START--
INFO: Run Behavior\BuildLiteBehavior [ RunTime:0.000020s ]
INFO: [ app_init ] --END-- [ RunTime:0.000560s ]
INFO: [ app_begin ] --START--
INFO: Run Behavior\ReadHtmlCacheBehavior [ RunTime:0.000840s ]
INFO: [ app_begin ] --END-- [ RunTime:0.000956s ]
SQL: SHOW COLUMNS FROM `tb_cookie` [ RunTime:0.0226s ]
SQL: SELECT * FROM `tb_cookie` WHERE ( username="smilec" )  [ RunTime:0.0004s ]
INFO: [ view_parse ] --START--
INFO: [ template_filter ] --START--
INFO: Run Behavior\ContentReplaceBehavior [ RunTime:0.000185s ]
INFO: [ template_filter ] --END-- [ RunTime:0.000545s ]
SQL: SHOW COLUMNS FROM `tb_user` [ RunTime:0.0356s ]
SQL: SHOW COLUMNS FROM `tb_user` [ RunTime:0.0325s ]
SQL: SELECT `random` FROM `tb_user` WHERE ( username="smilec" ) LIMIT 1   [ RunTime:0.0004s ]
INFO: Run Behavior\ParseTemplateBehavior [ RunTime:0.145724s ]
INFO: [ view_parse ] --END-- [ RunTime:0.146017s ]
INFO: [ view_filter ] --START--
INFO: Run Behavior\WriteHtmlCacheBehavior [ RunTime:0.003297s ]
INFO: [ view_filter ] --END-- [ RunTime:0.003481s ]
INFO: [ app_end ] --START--
INFO: Run Behavior\ShowPageTraceBehavior [ RunTime:0.001276s ]
INFO: [ app_end ] --END-- [ RunTime:0.001371s ]

[ 2015-08-26T21:52:17+08:00 ] 127.0.0.1 /index.php/Home/Setting.html
INFO: [ app_init ] --START--
INFO: Run Behavior\BuildLiteBehavior [ RunTime:0.000115s ]
INFO: [ app_init ] --END-- [ RunTime:0.001290s ]
INFO: [ app_begin ] --START--
INFO: Run Behavior\ReadHtmlCacheBehavior [ RunTime:0.003037s ]
INFO: [ app_begin ] --END-- [ RunTime:0.003710s ]
SQL: SHOW COLUMNS FROM `tb_cookie` [ RunTime:0.0695s ]
SQL: SELECT * FROM `tb_cookie` WHERE ( username="smilec" )  [ RunTime:0.0005s ]
INFO: [ view_parse ] --START--
INFO: [ template_filter ] --START--
INFO: Run Behavior\ContentReplaceBehavior [ RunTime:0.000089s ]
INFO: [ template_filter ] --END-- [ RunTime:0.000180s ]
SQL: SHOW COLUMNS FROM `tb_user` [ RunTime:0.0211s ]
SQL: SHOW COLUMNS FROM `tb_user` [ RunTime:0.0144s ]
SQL: SELECT `random` FROM `tb_user` WHERE ( username="smilec" ) LIMIT 1   [ RunTime:0.0003s ]
INFO: Run Behavior\ParseTemplateBehavior [ RunTime:0.122159s ]
INFO: [ view_parse ] --END-- [ RunTime:0.122253s ]
INFO: [ view_filter ] --START--
INFO: Run Behavior\WriteHtmlCacheBehavior [ RunTime:0.000934s ]
INFO: [ view_filter ] --END-- [ RunTime:0.001001s ]
INFO: [ app_end ] --START--
INFO: Run Behavior\ShowPageTraceBehavior [ RunTime:0.002323s ]
INFO: [ app_end ] --END-- [ RunTime:0.002477s ]

[ 2015-08-26T21:52:38+08:00 ] 127.0.0.1 /index.php/Home/Setting.html
INFO: [ app_init ] --START--
INFO: Run Behavior\BuildLiteBehavior [ RunTime:0.000021s ]
INFO: [ app_init ] --END-- [ RunTime:0.000642s ]
INFO: [ app_begin ] --START--
INFO: Run Behavior\ReadHtmlCacheBehavior [ RunTime:0.000916s ]
INFO: [ app_begin ] --END-- [ RunTime:0.001172s ]
SQL: SHOW COLUMNS FROM `tb_cookie` [ RunTime:0.0298s ]
SQL: SELECT * FROM `tb_cookie` WHERE ( username="smilec" )  [ RunTime:0.0006s ]
INFO: [ view_parse ] --START--
INFO: [ template_filter ] --START--
INFO: Run Behavior\ContentReplaceBehavior [ RunTime:0.000242s ]
INFO: [ template_filter ] --END-- [ RunTime:0.000703s ]
SQL: SHOW COLUMNS FROM `tb_user` [ RunTime:0.0252s ]
SQL: SHOW COLUMNS FROM `tb_user` [ RunTime:0.0284s ]
SQL: SELECT `random` FROM `tb_user` WHERE ( username="smilec" ) LIMIT 1   [ RunTime:0.0012s ]
INFO: Run Behavior\ParseTemplateBehavior [ RunTime:0.161493s ]
INFO: [ view_parse ] --END-- [ RunTime:0.161613s ]
INFO: [ view_filter ] --START--
INFO: Run Behavior\WriteHtmlCacheBehavior [ RunTime:0.001430s ]
INFO: [ view_filter ] --END-- [ RunTime:0.001546s ]
INFO: [ app_end ] --START--
INFO: Run Behavior\ShowPageTraceBehavior [ RunTime:0.001433s ]
INFO: [ app_end ] --END-- [ RunTime:0.001576s ]

[ 2015-08-26T21:52:52+08:00 ] 127.0.0.1 /index.php/Home/Setting.html
INFO: [ app_init ] --START--
INFO: Run Behavior\BuildLiteBehavior [ RunTime:0.000133s ]
INFO: [ app_init ] --END-- [ RunTime:0.002273s ]
INFO: [ app_begin ] --START--
INFO: Run Behavior\ReadHtmlCacheBehavior [ RunTime:0.001960s ]
INFO: [ app_begin ] --END-- [ RunTime:0.002463s ]
SQL: SHOW COLUMNS FROM `tb_cookie` [ RunTime:0.0422s ]
SQL: SELECT * FROM `tb_cookie` WHERE ( username="smilec" )  [ RunTime:0.0005s ]
INFO: [ view_parse ] --START--
INFO: [ template_filter ] --START--
INFO: Run Behavior\ContentReplaceBehavior [ RunTime:0.000111s ]
INFO: [ template_filter ] --END-- [ RunTime:0.000228s ]
SQL: SHOW COLUMNS FROM `tb_user` [ RunTime:0.0494s ]
SQL: SHOW COLUMNS FROM `tb_user` [ RunTime:0.0267s ]
SQL: SELECT `random` FROM `tb_user` WHERE ( username="smilec" ) LIMIT 1   [ RunTime:0.0008s ]
INFO: Run Behavior\ParseTemplateBehavior [ RunTime:0.176327s ]
INFO: [ view_parse ] --END-- [ RunTime:0.176597s ]
INFO: [ view_filter ] --START--
INFO: Run Behavior\WriteHtmlCacheBehavior [ RunTime:0.004239s ]
INFO: [ view_filter ] --END-- [ RunTime:0.004676s ]
INFO: [ app_end ] --START--
INFO: Run Behavior\ShowPageTraceBehavior [ RunTime:0.001146s ]
INFO: [ app_end ] --END-- [ RunTime:0.001398s ]

[ 2015-08-26T21:53:10+08:00 ] 127.0.0.1 /index.php/Home/Setting.html
INFO: [ app_init ] --START--
INFO: Run Behavior\BuildLiteBehavior [ RunTime:0.000028s ]
INFO: [ app_init ] --END-- [ RunTime:0.000764s ]
INFO: [ app_begin ] --START--
INFO: Run Behavior\ReadHtmlCacheBehavior [ RunTime:0.001685s ]
INFO: [ app_begin ] --END-- [ RunTime:0.001831s ]
SQL: SHOW COLUMNS FROM `tb_cookie` [ RunTime:0.0522s ]
SQL: SELECT * FROM `tb_cookie` WHERE ( username="smilec" )  [ RunTime:0.0006s ]
INFO: [ view_parse ] --START--
INFO: [ template_filter ] --START--
INFO: Run Behavior\ContentReplaceBehavior [ RunTime:0.000117s ]
INFO: [ template_filter ] --END-- [ RunTime:0.000249s ]
SQL: SHOW COLUMNS FROM `tb_user` [ RunTime:0.0278s ]
SQL: SHOW COLUMNS FROM `tb_user` [ RunTime:0.0164s ]
SQL: SELECT `random` FROM `tb_user` WHERE ( username="smilec" ) LIMIT 1   [ RunTime:0.0004s ]
INFO: Run Behavior\ParseTemplateBehavior [ RunTime:0.137432s ]
INFO: [ view_parse ] --END-- [ RunTime:0.137546s ]
INFO: [ view_filter ] --START--
INFO: Run Behavior\WriteHtmlCacheBehavior [ RunTime:0.001008s ]
INFO: [ view_filter ] --END-- [ RunTime:0.001080s ]
INFO: [ app_end ] --START--
INFO: Run Behavior\ShowPageTraceBehavior [ RunTime:0.001274s ]
INFO: [ app_end ] --END-- [ RunTime:0.001411s ]

[ 2015-08-26T21:56:23+08:00 ] 127.0.0.1 /index.php/Home/Setting.html
INFO: [ app_init ] --START--
INFO: Run Behavior\BuildLiteBehavior [ RunTime:0.000036s ]
INFO: [ app_init ] --END-- [ RunTime:0.001641s ]
INFO: [ app_begin ] --START--
INFO: Run Behavior\ReadHtmlCacheBehavior [ RunTime:0.001272s ]
INFO: [ app_begin ] --END-- [ RunTime:0.001413s ]
SQL: SHOW COLUMNS FROM `tb_cookie` [ RunTime:0.0663s ]
SQL: SELECT * FROM `tb_cookie` WHERE ( username="smilec" )  [ RunTime:0.0005s ]
INFO: [ view_parse ] --START--
INFO: [ template_filter ] --START--
INFO: Run Behavior\ContentReplaceBehavior [ RunTime:0.000442s ]
INFO: [ template_filter ] --END-- [ RunTime:0.000897s ]
SQL: SHOW COLUMNS FROM `tb_user` [ RunTime:0.0494s ]
SQL: SHOW COLUMNS FROM `tb_user` [ RunTime:0.0181s ]
SQL: SELECT `random` FROM `tb_user` WHERE ( username="smilec" ) LIMIT 1   [ RunTime:0.0012s ]
INFO: Run Behavior\ParseTemplateBehavior [ RunTime:0.158436s ]
INFO: [ view_parse ] --END-- [ RunTime:0.158541s ]
INFO: [ view_filter ] --START--
INFO: Run Behavior\WriteHtmlCacheBehavior [ RunTime:0.000819s ]
INFO: [ view_filter ] --END-- [ RunTime:0.000882s ]
INFO: [ app_end ] --START--
INFO: Run Behavior\ShowPageTraceBehavior [ RunTime:0.001426s ]
INFO: [ app_end ] --END-- [ RunTime:0.001537s ]

[ 2015-08-26T21:56:42+08:00 ] 127.0.0.1 /index.php/Home/Setting.html
INFO: [ app_init ] --START--
INFO: Run Behavior\BuildLiteBehavior [ RunTime:0.000118s ]
INFO: [ app_init ] --END-- [ RunTime:0.002240s ]
INFO: [ app_begin ] --START--
INFO: Run Behavior\ReadHtmlCacheBehavior [ RunTime:0.001863s ]
INFO: [ app_begin ] --END-- [ RunTime:0.002213s ]
SQL: SHOW COLUMNS FROM `tb_cookie` [ RunTime:0.0597s ]
SQL: SELECT * FROM `tb_cookie` WHERE ( username="smilec" )  [ RunTime:0.0006s ]
INFO: [ view_parse ] --START--
INFO: [ template_filter ] --START--
INFO: Run Behavior\ContentReplaceBehavior [ RunTime:0.000525s ]
INFO: [ template_filter ] --END-- [ RunTime:0.001041s ]
SQL: SHOW COLUMNS FROM `tb_user` [ RunTime:0.0381s ]
SQL: SHOW COLUMNS FROM `tb_user` [ RunTime:0.0372s ]
SQL: SELECT `random` FROM `tb_user` WHERE ( username="smilec" ) LIMIT 1   [ RunTime:0.0004s ]
INFO: Run Behavior\ParseTemplateBehavior [ RunTime:0.158134s ]
INFO: [ view_parse ] --END-- [ RunTime:0.158424s ]
INFO: [ view_filter ] --START--
INFO: Run Behavior\WriteHtmlCacheBehavior [ RunTime:0.004682s ]
INFO: [ view_filter ] --END-- [ RunTime:0.004835s ]
INFO: [ app_end ] --START--
INFO: Run Behavior\ShowPageTraceBehavior [ RunTime:0.001412s ]
INFO: [ app_end ] --END-- [ RunTime:0.001552s ]

[ 2015-08-26T21:57:45+08:00 ] 127.0.0.1 /
INFO: [ app_init ] --START--
INFO: Run Behavior\BuildLiteBehavior [ RunTime:0.000073s ]
INFO: [ app_init ] --END-- [ RunTime:0.008434s ]
INFO: [ app_begin ] --START--
INFO: Run Behavior\ReadHtmlCacheBehavior [ RunTime:0.001451s ]
INFO: [ app_begin ] --END-- [ RunTime:0.001703s ]
SQL: SHOW COLUMNS FROM `tb_sign_list` [ RunTime:0.0379s ]
SQL: SELECT * FROM `tb_sign_list` WHERE ( username="smilec" )  [ RunTime:0.0005s ]
SQL: SHOW COLUMNS FROM `tb_cookie` [ RunTime:0.0352s ]
SQL: SELECT * FROM `tb_cookie` WHERE ( username="smilec" )  [ RunTime:0.0005s ]
SQL: SELECT COUNT(*) AS tp_count FROM `tb_cookie` WHERE ( username="smilec" AND overdue=1 ) LIMIT 1   [ RunTime:0.0004s ]
INFO: [ view_parse ] --START--
INFO: [ template_filter ] --START--
INFO: Run Behavior\ContentReplaceBehavior [ RunTime:0.000192s ]
INFO: [ template_filter ] --END-- [ RunTime:0.000743s ]
SQL: SHOW COLUMNS FROM `tb_user` [ RunTime:0.0404s ]
SQL: SHOW COLUMNS FROM `tb_user` [ RunTime:0.0230s ]
SQL: SELECT `random` FROM `tb_user` WHERE ( username="smilec" ) LIMIT 1   [ RunTime:0.0005s ]
INFO: Run Behavior\ParseTemplateBehavior [ RunTime:0.161096s ]
INFO: [ view_parse ] --END-- [ RunTime:0.161221s ]
INFO: [ view_filter ] --START--
INFO: Run Behavior\WriteHtmlCacheBehavior [ RunTime:0.001165s ]
INFO: [ view_filter ] --END-- [ RunTime:0.001286s ]
INFO: [ app_end ] --START--
INFO: Run Behavior\ShowPageTraceBehavior [ RunTime:0.001428s ]
INFO: [ app_end ] --END-- [ RunTime:0.001536s ]

[ 2015-08-26T21:58:18+08:00 ] 127.0.0.1 /
INFO: [ app_init ] --START--
INFO: Run Behavior\BuildLiteBehavior [ RunTime:0.000031s ]
INFO: [ app_init ] --END-- [ RunTime:0.000665s ]
INFO: [ app_begin ] --START--
INFO: Run Behavior\ReadHtmlCacheBehavior [ RunTime:0.000852s ]
INFO: [ app_begin ] --END-- [ RunTime:0.001038s ]
SQL: SHOW COLUMNS FROM `tb_sign_list` [ RunTime:0.0180s ]
SQL: SELECT * FROM `tb_sign_list` WHERE ( username="smilec" )  [ RunTime:0.0004s ]
SQL: SHOW COLUMNS FROM `tb_cookie` [ RunTime:0.0176s ]
SQL: SELECT * FROM `tb_cookie` WHERE ( username="smilec" )  [ RunTime:0.0004s ]
SQL: SELECT COUNT(*) AS tp_count FROM `tb_cookie` WHERE ( username="smilec" AND overdue=1 ) LIMIT 1   [ RunTime:0.0003s ]
INFO: [ view_parse ] --START--
INFO: [ template_filter ] --START--
INFO: Run Behavior\ContentReplaceBehavior [ RunTime:0.000087s ]
INFO: [ template_filter ] --END-- [ RunTime:0.000357s ]
SQL: SHOW COLUMNS FROM `tb_user` [ RunTime:0.0179s ]
SQL: SHOW COLUMNS FROM `tb_user` [ RunTime:0.0104s ]
SQL: SELECT `random` FROM `tb_user` WHERE ( username="smilec" ) LIMIT 1   [ RunTime:0.0003s ]
INFO: Run Behavior\ParseTemplateBehavior [ RunTime:0.145109s ]
INFO: [ view_parse ] --END-- [ RunTime:0.145176s ]
INFO: [ view_filter ] --START--
INFO: Run Behavior\WriteHtmlCacheBehavior [ RunTime:0.000958s ]
INFO: [ view_filter ] --END-- [ RunTime:0.001026s ]
INFO: [ app_end ] --START--
INFO: Run Behavior\ShowPageTraceBehavior [ RunTime:0.001032s ]
INFO: [ app_end ] --END-- [ RunTime:0.001152s ]

[ 2015-08-26T21:58:24+08:00 ] 127.0.0.1 /index.php/Home/Setting.html
INFO: [ app_init ] --START--
INFO: Run Behavior\BuildLiteBehavior [ RunTime:0.000037s ]
INFO: [ app_init ] --END-- [ RunTime:0.002573s ]
INFO: [ app_begin ] --START--
INFO: Run Behavior\ReadHtmlCacheBehavior [ RunTime:0.001698s ]
INFO: [ app_begin ] --END-- [ RunTime:0.001882s ]
SQL: SHOW COLUMNS FROM `tb_cookie` [ RunTime:0.0528s ]
SQL: SELECT * FROM `tb_cookie` WHERE ( username="smilec" )  [ RunTime:0.0006s ]
INFO: [ view_parse ] --START--
INFO: [ template_filter ] --START--
INFO: Run Behavior\ContentReplaceBehavior [ RunTime:0.000152s ]
INFO: [ template_filter ] --END-- [ RunTime:0.000312s ]
SQL: SHOW COLUMNS FROM `tb_user` [ RunTime:0.0181s ]
SQL: SHOW COLUMNS FROM `tb_user` [ RunTime:0.0678s ]
SQL: SELECT `random` FROM `tb_user` WHERE ( username="smilec" ) LIMIT 1   [ RunTime:0.0004s ]
INFO: Run Behavior\ParseTemplateBehavior [ RunTime:0.199316s ]
INFO: [ view_parse ] --END-- [ RunTime:0.199484s ]
INFO: [ view_filter ] --START--
INFO: Run Behavior\WriteHtmlCacheBehavior [ RunTime:0.003028s ]
INFO: [ view_filter ] --END-- [ RunTime:0.003579s ]
INFO: [ app_end ] --START--
INFO: Run Behavior\ShowPageTraceBehavior [ RunTime:0.001856s ]
INFO: [ app_end ] --END-- [ RunTime:0.002042s ]

[ 2015-08-26T21:58:55+08:00 ] 127.0.0.1 /
INFO: [ app_init ] --START--
INFO: Run Behavior\BuildLiteBehavior [ RunTime:0.000019s ]
INFO: [ app_init ] --END-- [ RunTime:0.000468s ]
INFO: [ app_begin ] --START--
INFO: Run Behavior\ReadHtmlCacheBehavior [ RunTime:0.000686s ]
INFO: [ app_begin ] --END-- [ RunTime:0.000769s ]
SQL: SHOW COLUMNS FROM `tb_sign_list` [ RunTime:0.0183s ]
SQL: SELECT * FROM `tb_sign_list` WHERE ( username="smilec" )  [ RunTime:0.0004s ]
SQL: SHOW COLUMNS FROM `tb_cookie` [ RunTime:0.0310s ]
SQL: SELECT * FROM `tb_cookie` WHERE ( username="smilec" )  [ RunTime:0.0005s ]
SQL: SELECT COUNT(*) AS tp_count FROM `tb_cookie` WHERE ( username="smilec" AND overdue=1 ) LIMIT 1   [ RunTime:0.0004s ]
INFO: [ view_parse ] --START--
INFO: [ template_filter ] --START--
INFO: Run Behavior\ContentReplaceBehavior [ RunTime:0.000150s ]
INFO: [ template_filter ] --END-- [ RunTime:0.000572s ]
SQL: SHOW COLUMNS FROM `tb_user` [ RunTime:0.0243s ]
SQL: SHOW COLUMNS FROM `tb_user` [ RunTime:0.0086s ]
SQL: SELECT `random` FROM `tb_user` WHERE ( username="smilec" ) LIMIT 1   [ RunTime:0.0002s ]
INFO: Run Behavior\ParseTemplateBehavior [ RunTime:0.172350s ]
INFO: [ view_parse ] --END-- [ RunTime:0.172774s ]
INFO: [ view_filter ] --START--
INFO: Run Behavior\WriteHtmlCacheBehavior [ RunTime:0.000911s ]
INFO: [ view_filter ] --END-- [ RunTime:0.000969s ]
INFO: [ app_end ] --START--
INFO: Run Behavior\ShowPageTraceBehavior [ RunTime:0.000910s ]
INFO: [ app_end ] --END-- [ RunTime:0.000967s ]

[ 2015-08-26T21:58:56+08:00 ] 127.0.0.1 /index.php/Home/Setting.html
INFO: [ app_init ] --START--
INFO: Run Behavior\BuildLiteBehavior [ RunTime:0.000030s ]
INFO: [ app_init ] --END-- [ RunTime:0.000739s ]
INFO: [ app_begin ] --START--
INFO: Run Behavior\ReadHtmlCacheBehavior [ RunTime:0.001067s ]
INFO: [ app_begin ] --END-- [ RunTime:0.001216s ]
SQL: SHOW COLUMNS FROM `tb_cookie` [ RunTime:0.0374s ]
SQL: SELECT * FROM `tb_cookie` WHERE ( username="smilec" )  [ RunTime:0.0004s ]
INFO: [ view_parse ] --START--
INFO: [ template_filter ] --START--
INFO: Run Behavior\ContentReplaceBehavior [ RunTime:0.000111s ]
INFO: [ template_filter ] --END-- [ RunTime:0.000238s ]
SQL: SHOW COLUMNS FROM `tb_user` [ RunTime:0.0347s ]
SQL: SHOW COLUMNS FROM `tb_user` [ RunTime:0.0305s ]
SQL: SELECT `random` FROM `tb_user` WHERE ( username="smilec" ) LIMIT 1   [ RunTime:0.0003s ]
INFO: Run Behavior\ParseTemplateBehavior [ RunTime:0.151086s ]
INFO: [ view_parse ] --END-- [ RunTime:0.151204s ]
INFO: [ view_filter ] --START--
INFO: Run Behavior\WriteHtmlCacheBehavior [ RunTime:0.000982s ]
INFO: [ view_filter ] --END-- [ RunTime:0.001078s ]
INFO: [ app_end ] --START--
INFO: Run Behavior\ShowPageTraceBehavior [ RunTime:0.001408s ]
INFO: [ app_end ] --END-- [ RunTime:0.001531s ]

[ 2015-08-26T21:58:59+08:00 ] 127.0.0.1 /
INFO: [ app_init ] --START--
INFO: Run Behavior\BuildLiteBehavior [ RunTime:0.000018s ]
INFO: [ app_init ] --END-- [ RunTime:0.000449s ]
INFO: [ app_begin ] --START--
INFO: Run Behavior\ReadHtmlCacheBehavior [ RunTime:0.000596s ]
INFO: [ app_begin ] --END-- [ RunTime:0.000670s ]
SQL: SHOW COLUMNS FROM `tb_sign_list` [ RunTime:0.0208s ]
SQL: SELECT * FROM `tb_sign_list` WHERE ( username="smilec" )  [ RunTime:0.0003s ]
SQL: SHOW COLUMNS FROM `tb_cookie` [ RunTime:0.0223s ]
SQL: SELECT * FROM `tb_cookie` WHERE ( username="smilec" )  [ RunTime:0.0005s ]
SQL: SELECT COUNT(*) AS tp_count FROM `tb_cookie` WHERE ( username="smilec" AND overdue=1 ) LIMIT 1   [ RunTime:0.0004s ]
INFO: [ view_parse ] --START--
INFO: [ template_filter ] --START--
INFO: Run Behavior\ContentReplaceBehavior [ RunTime:0.000104s ]
INFO: [ template_filter ] --END-- [ RunTime:0.000227s ]
SQL: SHOW COLUMNS FROM `tb_user` [ RunTime:0.0234s ]
SQL: SHOW COLUMNS FROM `tb_user` [ RunTime:0.0372s ]
SQL: SELECT `random` FROM `tb_user` WHERE ( username="smilec" ) LIMIT 1   [ RunTime:0.0014s ]
INFO: Run Behavior\ParseTemplateBehavior [ RunTime:0.165843s ]
INFO: [ view_parse ] --END-- [ RunTime:0.165968s ]
INFO: [ view_filter ] --START--
INFO: Run Behavior\WriteHtmlCacheBehavior [ RunTime:0.001407s ]
INFO: [ view_filter ] --END-- [ RunTime:0.001535s ]
INFO: [ app_end ] --START--
INFO: Run Behavior\ShowPageTraceBehavior [ RunTime:0.001774s ]
INFO: [ app_end ] --END-- [ RunTime:0.001945s ]

[ 2015-08-26T22:03:16+08:00 ] 127.0.0.1 /
INFO: [ app_init ] --START--
INFO: Run Behavior\BuildLiteBehavior [ RunTime:0.000017s ]
INFO: [ app_init ] --END-- [ RunTime:0.000534s ]
INFO: [ app_begin ] --START--
INFO: Run Behavior\ReadHtmlCacheBehavior [ RunTime:0.000866s ]
INFO: [ app_begin ] --END-- [ RunTime:0.000954s ]
SQL: SHOW COLUMNS FROM `tb_sign_list` [ RunTime:0.0278s ]
SQL: SELECT * FROM `tb_sign_list` WHERE ( username="smilec" )  [ RunTime:0.0003s ]
SQL: SHOW COLUMNS FROM `tb_cookie` [ RunTime:0.0183s ]
SQL: SELECT * FROM `tb_cookie` WHERE ( username="smilec" )  [ RunTime:0.0004s ]
SQL: SELECT COUNT(*) AS tp_count FROM `tb_cookie` WHERE ( username="smilec" AND overdue=1 ) LIMIT 1   [ RunTime:0.0003s ]
INFO: [ view_parse ] --START--
INFO: [ template_filter ] --START--
INFO: Run Behavior\ContentReplaceBehavior [ RunTime:0.000563s ]
INFO: [ template_filter ] --END-- [ RunTime:0.001044s ]
SQL: SHOW COLUMNS FROM `tb_user` [ RunTime:0.0150s ]
SQL: SHOW COLUMNS FROM `tb_user` [ RunTime:0.0133s ]
SQL: SELECT `random` FROM `tb_user` WHERE ( username="smilec" ) LIMIT 1   [ RunTime:0.0003s ]
INFO: Run Behavior\ParseTemplateBehavior [ RunTime:0.126344s ]
INFO: [ view_parse ] --END-- [ RunTime:0.126430s ]
INFO: [ view_filter ] --START--
INFO: Run Behavior\WriteHtmlCacheBehavior [ RunTime:0.001064s ]
INFO: [ view_filter ] --END-- [ RunTime:0.001230s ]
INFO: [ app_end ] --START--
INFO: Run Behavior\ShowPageTraceBehavior [ RunTime:0.001294s ]
INFO: [ app_end ] --END-- [ RunTime:0.001425s ]

[ 2015-08-26T22:03:17+08:00 ] 127.0.0.1 /index.php/Home/Setting.html
INFO: [ app_init ] --START--
INFO: Run Behavior\BuildLiteBehavior [ RunTime:0.000016s ]
INFO: [ app_init ] --END-- [ RunTime:0.000437s ]
INFO: [ app_begin ] --START--
INFO: Run Behavior\ReadHtmlCacheBehavior [ RunTime:0.000732s ]
INFO: [ app_begin ] --END-- [ RunTime:0.000893s ]
SQL: SHOW COLUMNS FROM `tb_cookie` [ RunTime:0.0205s ]
SQL: SELECT * FROM `tb_cookie` WHERE ( username="smilec" )  [ RunTime:0.0004s ]
INFO: [ view_parse ] --START--
INFO: [ template_filter ] --START--
INFO: Run Behavior\ContentReplaceBehavior [ RunTime:0.000118s ]
INFO: [ template_filter ] --END-- [ RunTime:0.000242s ]
SQL: SHOW COLUMNS FROM `tb_user` [ RunTime:0.0278s ]
SQL: SHOW COLUMNS FROM `tb_user` [ RunTime:0.0293s ]
SQL: SELECT `random` FROM `tb_user` WHERE ( username="smilec" ) LIMIT 1   [ RunTime:0.0003s ]
INFO: Run Behavior\ParseTemplateBehavior [ RunTime:0.101991s ]
INFO: [ view_parse ] --END-- [ RunTime:0.102093s ]
INFO: [ view_filter ] --START--
INFO: Run Behavior\WriteHtmlCacheBehavior [ RunTime:0.000523s ]
INFO: [ view_filter ] --END-- [ RunTime:0.000607s ]
INFO: [ app_end ] --START--
INFO: Run Behavior\ShowPageTraceBehavior [ RunTime:0.001091s ]
INFO: [ app_end ] --END-- [ RunTime:0.001218s ]

[ 2015-08-26T22:03:32+08:00 ] 127.0.0.1 /index.php/Home/Setting.html
INFO: [ app_init ] --START--
INFO: Run Behavior\BuildLiteBehavior [ RunTime:0.000018s ]
INFO: [ app_init ] --END-- [ RunTime:0.000514s ]
INFO: [ app_begin ] --START--
INFO: Run Behavior\ReadHtmlCacheBehavior [ RunTime:0.000597s ]
INFO: [ app_begin ] --END-- [ RunTime:0.000698s ]
SQL: SHOW COLUMNS FROM `tb_cookie` [ RunTime:0.0322s ]
SQL: SELECT * FROM `tb_cookie` WHERE ( username="smilec" )  [ RunTime:0.0005s ]
INFO: [ view_parse ] --START--
INFO: [ template_filter ] --START--
INFO: Run Behavior\ContentReplaceBehavior [ RunTime:0.000143s ]
INFO: [ template_filter ] --END-- [ RunTime:0.000323s ]
SQL: SHOW COLUMNS FROM `tb_user` [ RunTime:0.0428s ]
SQL: SHOW COLUMNS FROM `tb_user` [ RunTime:0.0199s ]
SQL: SELECT `random` FROM `tb_user` WHERE ( username="smilec" ) LIMIT 1   [ RunTime:0.0004s ]
INFO: Run Behavior\ParseTemplateBehavior [ RunTime:0.139466s ]
INFO: [ view_parse ] --END-- [ RunTime:0.139597s ]
INFO: [ view_filter ] --START--
INFO: Run Behavior\WriteHtmlCacheBehavior [ RunTime:0.000633s ]
INFO: [ view_filter ] --END-- [ RunTime:0.000756s ]
INFO: [ app_end ] --START--
INFO: Run Behavior\ShowPageTraceBehavior [ RunTime:0.001009s ]
INFO: [ app_end ] --END-- [ RunTime:0.001164s ]

