[ 2015-08-25T01:04:54+08:00 ] 127.0.0.1 /index.php/Admin/Find/DeleteItem
INFO: [ app_init ] --START--
INFO: Run Behavior\BuildLiteBehavior [ RunTime:0.000018s ]
INFO: [ app_init ] --END-- [ RunTime:0.000559s ]
ERR: 无法加载模块:Admin

[ 2015-08-25T12:59:51+08:00 ] 127.0.0.1 /Public/js/index.js
INFO: [ app_init ] --START--
INFO: Run Behavior\BuildLiteBehavior [ RunTime:0.000035s ]
INFO: [ app_init ] --END-- [ RunTime:0.001543s ]
ERR: 无法加载模块:Public

[ 2015-08-25T16:51:53+08:00 ] 127.0.0.1 /phpMyadmin/tbl_structure.php?db=tiebasign&table=tb_cookie&token=19467a6ebda946966bbc369a730c0553
INFO: [ app_init ] --START--
INFO: Run Behavior\BuildLiteBehavior [ RunTime:0.000020s ]
INFO: [ app_init ] --END-- [ RunTime:0.000596s ]
ERR: 无法加载模块:PhpMyadmin

[ 2015-08-25T16:51:56+08:00 ] 127.0.0.1 /phpMyadmin/index.php?db=tiebasign&table=tb_cookie&target=sql.php&token=19467a6ebda946966bbc369a730c0553
INFO: [ app_init ] --START--
INFO: Run Behavior\BuildLiteBehavior [ RunTime:0.000018s ]
INFO: [ app_init ] --END-- [ RunTime:0.000681s ]
ERR: 无法加载模块:PhpMyadmin

